discountrivian.com
us-careers-rivianvwtech.icims.com
onlyyetis.com
rivian.com
gogoogle.rivian.com
internalshop.rivian.com
rivianstan.com
rivianroamer.com
riviancharging.com
careers.rivian.com
basecamp.rivian.com
packaging.basecamp.rivian.com
om.basecamp.rivian.com
notification-uw2.rivian.com
assets.rivian.com
notification-ue1.rivian.com
tour.rivian.com
videos.rivian.com
rfq.basecamp.rivian.com
demovehicles.rivian.com
authenticate.prod.rivian.com
admin.basecamp.rivian.com
a2091bf225883b69f7ce5ff88109c416.rivian.com
images.rivian.com
my-staging-9d4d1f7g6c.rivian.com
legacy.basecamp.rivian.com
apqp.basecamp.rivian.com
supplierprofile.basecamp.rivian.com
authenticate-shop.prod.rivian.com
downloads.rivian.com
riviandeal.com
rivianreferral.link
www.myrivianrewards.com
referarivian.com
login.microsoftonline.com
employeestore.goriv.co
login.icims.com
api.rivian.com
api.dev.rivian.com
e.rivian.com
click.e.rivian.com
cloud.e.rivian.com
mta.e.rivian.com
view.e.rivian.com
events.rivian.com
googleguide.rivian.com
uswest.guestlogin.rivian.com
investors.rivian.com
outbound1.rivian.com
outbound2.rivian.com
granite.p.rivian.com
preorders.rivian.com
prism.rivian.com
ue1.origin.prod.rivian.com
products.rivian.com
stage.rivian.com
api.stage.rivian.com
o1.supplieroperations.rivian.com
supplierslogin.rivian.com
www.rivian.com
basecamp.rivian.com
basecamp.rivian.com
image.e.rivian.com
feedback.rivian.com
gtm.dev.rivian.com
offlease.rivian.com
offlease.rivian.com
offlease.rivian.com
stories.rivian.com
smetrics.rivian.com
landing.rivian.com
rivian.com
rivian.com
gcp-iap.rivian.com
e.rivian.com
rivian.com
prod.rivian.com
prod.rivian.com
gtm.prod.rivian.com
gtm.prod.rivian.com
*.rivian.com
rivian.com
*.ue1.origin.prod.rivian.com
ue1.origin.prod.rivian.com
things.api.rivian.com
link.rivian.com
www.link.rivian.com
voem.stage.ccc.rivian.com
email.comms.rivian.com
api.stage.rivian.com
api.stage.rivian.com
*.gtm.stage.rivian.com
gtm.stage.rivian.com
*.rubicon.stage.rivian.com
rubicon.stage.rivian.com
*.stage.rivian.com
stage.rivian.com
*.ue1.origin.stage.rivian.com
ue1.origin.stage.rivian.com
api.stage.rivian.com
api.stage.rivian.com
*.gtm.stage.rivian.com
gtm.stage.rivian.com
*.rubicon.stage.rivian.com
rubicon.stage.rivian.com
*.stage.rivian.com
stage.rivian.com
*.uw2.origin.stage.rivian.com
uw2.origin.stage.rivian.com
prod.rivian.com
*.rivian.com
rivian.com
*.ue1.origin.prod.rivian.com
api.stage.rivian.com
api.stage.rivian.com
*.rubicon.stage.rivian.com
rubicon.stage.rivian.com
*.stage.rivian.com
stage.rivian.com
*.ue1.origin.stage.rivian.com
ue1.origin.stage.rivian.com
api.dev.rivian.com
api.dev.rivian.com
*.dev.rivian.com
*.gtm.dev.rivian.com
gtm.dev.rivian.com
*.origin.dev.rivian.com
origin.dev.rivian.com
*.ue1.api.dev.rivian.com
ue1.api.dev.rivian.com
*.ue1.origin.dev.rivian.com
ue1.origin.dev.rivian.com
api.dev.rivian.com
*.dev.rivian.com
*.gtm.dev.rivian.com
gtm.dev.rivian.com
*.origin.dev.rivian.com
origin.dev.rivian.com
*.ue1.api.dev.rivian.com
ue1.api.dev.rivian.com
*.ue1.origin.dev.rivian.com
ue1.origin.dev.rivian.com
hec.rivian.com
rivian.com
www.rivian.com
api.prod.rivian.com
*.gtm.prod.rivian.com
gtm.prod.rivian.com
*.origin.prod.rivian.com
origin.prod.rivian.com
*.prod.rivian.com
*.ue1.api.prod.rivian.com
ue1.api.prod.rivian.com
*.ue1.origin.prod.rivian.com
ue1.origin.prod.rivian.com
api.prod.rivian.com
api.prod.rivian.com
*.gtm.prod.rivian.com
gtm.prod.rivian.com
*.origin.prod.rivian.com
origin.prod.rivian.com
*.prod.rivian.com
*.ue1.api.prod.rivian.com
ue1.api.prod.rivian.com
*.ue1.origin.prod.rivian.com
ue1.origin.prod.rivian.com
api.prod.rivian.com
api.prod.rivian.com
*.gtm.prod.rivian.com
gtm.prod.rivian.com
*.origin.prod.rivian.com
origin.prod.rivian.com
*.prod.rivian.com
*.uw2.api.prod.rivian.com
uw2.api.prod.rivian.com
*.uw2.origin.prod.rivian.com
uw2.origin.prod.rivian.com
api.prod.rivian.com
*.gtm.prod.rivian.com
gtm.prod.rivian.com
*.origin.prod.rivian.com
origin.prod.rivian.com
*.prod.rivian.com
*.uw2.api.prod.rivian.com
uw2.api.prod.rivian.com
*.uw2.origin.prod.rivian.com
uw2.origin.prod.rivian.com
things.stage.rivian.com
api.stage.rivian.com
api.stage.rivian.com
*.gtm.stage.rivian.com
gtm.stage.rivian.com
*.origin.stage.rivian.com
origin.stage.rivian.com
*.stage.rivian.com
*.uw2.api.stage.rivian.com
uw2.api.stage.rivian.com
*.uw2.origin.stage.rivian.com
uw2.origin.stage.rivian.com
api.stage.rivian.com
api.stage.rivian.com
*.gtm.stage.rivian.com
gtm.stage.rivian.com
*.origin.stage.rivian.com
origin.stage.rivian.com
*.stage.rivian.com
*.ue1.api.stage.rivian.com
ue1.api.stage.rivian.com
*.ue1.origin.stage.rivian.com
ue1.origin.stage.rivian.com
api.dev.rivian.com
api.dev.rivian.com
*.dev.rivian.com
dev.rivian.com
*.rubicon.dev.rivian.com
rubicon.dev.rivian.com
limestone.p.rivian.com
limestone.p.rivian.com
granite.p.rivian.com
granite.p.rivian.com
gtm.stage.rivian.com
gtm.prod.rivian.com
gtm.prod.rivian.com
*.rivian.com
rivian.com
*.uw2.origin.prod.rivian.com
uw2.origin.prod.rivian.com
prod.rivian.com
*.rivian.com
rivian.com
*.uw2.origin.prod.rivian.com
api.stage.rivian.com
*.gtm.stage.rivian.com
gtm.stage.rivian.com
*.origin.stage.rivian.com
origin.stage.rivian.com
*.stage.rivian.com
*.ue1.api.stage.rivian.com
ue1.api.stage.rivian.com
*.ue1.origin.stage.rivian.com
ue1.origin.stage.rivian.com
api.stage.rivian.com
*.gtm.stage.rivian.com
gtm.stage.rivian.com
*.origin.stage.rivian.com
origin.stage.rivian.com
*.stage.rivian.com
*.uw2.api.stage.rivian.com
uw2.api.stage.rivian.com
*.uw2.origin.stage.rivian.com
uw2.origin.stage.rivian.com
api.stage.rivian.com
api.stage.rivian.com
*.rubicon.stage.rivian.com
rubicon.stage.rivian.com
*.stage.rivian.com
stage.rivian.com
api.rivian.com
api.rivian.com
*.rivian.com
rivian.com
*.rubicon.rivian.com
rubicon.rivian.com
hec.rivian.com
hec.rivian.com
dashboard.rivian.com
useast.guestlogin.rivian.com
www.useast.guestlogin.rivian.com
uswest.guestlogin.rivian.com
www.uswest.guestlogin.rivian.com
guestlogin.rivian.com
www.guestlogin.rivian.com
cid.rivian.com
media.rivian.com
guestlogin.rivian.com
guestlogin.rivian.com
cdn.rivian.com
api.prod.rivian.com
api.prod.rivian.com
api.qa.rivian.com
api.qa.rivian.com
*.gtm.qa.rivian.com
gtm.qa.rivian.com
*.origin.qa.rivian.com
origin.qa.rivian.com
*.qa.rivian.com
*.uw2.api.qa.rivian.com
uw2.api.qa.rivian.com
*.uw2.origin.qa.rivian.com
uw2.origin.qa.rivian.com
origin.qa.rivian.com
*.qa.rivian.com
qa.rivian.com
*.uw2.origin.qa.rivian.com
assets.rivian.com
downloads.rivian.com
videos.rivian.com
things.qa.rivian.com
cloud.rivian.com
ccc.api.dev.rivian.com
internal.rivian.com
dev.dm.rivian.com
dev.dm.rivian.com
api.stage.rivian.com
api.stage.rivian.com
*.rubicon.stage.rivian.com
rubicon.stage.rivian.com
*.stage.rivian.com
stage.rivian.com
*.uw2.origin.stage.rivian.com
uw2.origin.stage.rivian.com
things.gtm.qa.rivian.com
things.qa.rivian.com
stage.dm.rivian.com
stage.dm.rivian.com
dev.ct.rivian.com
dev.ct.rivian.com
ec1.origin.dev.rivian.com
ec1.origin.dev.rivian.com
dev.rivian.com
dev.rivian.com
*.ec1.origin.dev.rivian.com
ec1.origin.dev.rivian.com
api.qa.rivian.com
api.qa.rivian.com
*.gtm.qa.rivian.com
gtm.qa.rivian.com
*.origin.qa.rivian.com
origin.qa.rivian.com
*.qa.rivian.com
qa.rivian.com
*.uw2.api.qa.rivian.com
uw2.api.qa.rivian.com
*.uw2.origin.qa.rivian.com
uw2.origin.qa.rivian.com
ew1.origin.prod.rivian.com
ew1.origin.prod.rivian.com
ec1.origin.prod.rivian.com
ec1.origin.prod.rivian.com
qa.dm.rivian.com
qa.dm.rivian.com
ec1.origin.qa.rivian.com
ec1.origin.qa.rivian.com
ew1.origin.stage.rivian.com
ew1.origin.stage.rivian.com
ec1.origin.stage.rivian.com
ec1.origin.stage.rivian.com
things.rivian.com
qa.connectivity.rivian.com
qa.connectivity.rivian.com
dev.connectivity.rivian.com
dev.connectivity.rivian.com
dev.cmp.rivian.com
dev.cmp.rivian.com
qa.cmp.rivian.com
qa.cmp.rivian.com
limestone.p.rivian.com
things.dev.rivian.com
api.stage.rivian.com
api.stage.rivian.com
*.gtm.rivian.com
gtm.rivian.com
*.gtm.stage.rivian.com
gtm.stage.rivian.com
*.rubicon.stage.rivian.com
rubicon.stage.rivian.com
*.stage.rivian.com
stage.rivian.com
*.ue1.stage.origin.rivian.com
ue1.stage.origin.rivian.com
api.prod.rivian.com
api.prod.rivian.com
*.prod.rivian.com
prod.rivian.com
*.rubicon.prod.rivian.com
rubicon.prod.rivian.com
*.uw2.origin.prod.rivian.com
uw2.origin.prod.rivian.com
api.prod.rivian.com
api.prod.rivian.com
*.prod.rivian.com
prod.rivian.com
*.rubicon.prod.rivian.com
rubicon.prod.rivian.com
*.ue1.origin.prod.rivian.com
ue1.origin.prod.rivian.com
api.stage.rivian.com
api.stage.rivian.com
*.gtm.stage.rivian.com
*.rubicon.stage.rivian.com
rubicon.stage.rivian.com
*.stage.rivian.com
stage.rivian.com
*.uw2.origin.stage.rivian.com
uw2.origin.stage.rivian.com
api.stage.rivian.com
api.stage.rivian.com
*.gtm.stage.rivian.com
*.rubicon.stage.rivian.com
rubicon.stage.rivian.com
*.stage.rivian.com
stage.rivian.com
*.ue1.origin.stage.rivian.com
ue1.origin.stage.rivian.com
api.stage.rivian.com
api.stage.rivian.com
*.gtm.stage.rivian.com
origin.stage.rivian.com
*.rubicon.stage.rivian.com
rubicon.stage.rivian.com
*.stage.rivian.com
stage.rivian.com
*.ue1.origin.stage.rivian.com
ue1.origin.stage.rivian.com
api.stage.rivian.com
*.gtm.stage.rivian.com
gtm.stage.rivian.com
*.origin.stage.rivian.com
origin.stage.rivian.com
*.stage.rivian.com
ue1.api.stage.rivian.com
*.ue1.origin.stage.rivian.com
api.stage.rivian.com
*.gtm.stage.rivian.com
gtm.stage.rivian.com
*.origin.stage.rivian.com
origin.stage.rivian.com
*.stage.rivian.com
*.uw2.api.stage.rivian.com
uw2.api.stage.rivian.com
*.uw2.origin.stage.rivian.com
api.stage.rivian.com
api.stage.rivian.com
*.origin.stage.rivian.com
origin.stage.rivian.com
*.stage.rivian.com
*.uw2.api.stage.rivian.com
uw2.api.stage.rivian.com
*.uw2.origin.stage.rivian.com
uw2.origin.stage.rivian.com
api.stage.rivian.com
api.stage.rivian.com
*.origin.stage.rivian.com
origin.stage.rivian.com
*.stage.rivian.com
*.ue1.api.stage.rivian.com
ue1.api.stage.rivian.com
*.ue1.origin.stage.rivian.com
ue1.origin.stage.rivian.com
api.dev.rivian.com
api.dev.rivian.com
*.dev.rivian.com
dev.rivian.com
*.origin.dev.rivian.com
origin.dev.rivian.com
*.ue1.api.dev.rivian.com
ue1.api.dev.rivian.com
*.ue1.origin.dev.rivian.com
ue1.origin.dev.rivian.com
api.dev.rivian.com
api.dev.rivian.com
*.dev.rivian.com
dev.rivian.com
*.ue1.api.dev.rivian.com
ue1.api.dev.rivian.com
api.dev.rivian.com
api.dev.rivian.com
*.dev.rivian.com
dev.rivian.com
api.stage.rivian.com
api.stage.rivian.com
*.gtm.stage.rivian.com
gtm.stage.rivian.com
*.origin.stage.rivian.com
origin.stage.rivian.com
*.stage.rivian.com
stage.rivian.com
*.ue1.origin.stage.rivian.com
ue1.origin.stage.rivian.com
api.stage.rivian.com
api.stage.rivian.com
*.gtm.rivian.com
gtm.rivian.com
*.gtm.stage.rivian.com
gtm.stage.rivian.com
*.rubicon.stage.rivian.com
rubicon.stage.rivian.com
*.stage.rivian.com
stage.rivian.com
*.uw2.stage.origin.rivian.com
uw2.stage.origin.rivian.com
stage.service.rivian.com
stage.service.rivian.com
*.stage.ue1.service.rivian.com
*.stage.uw2.service.rivian.com
stage.service.rivian.com
stage.service.rivian.com
*.stage.uw2.service.rivian.com
stage.service.rivian.com
stage.service.rivian.com
*.stage.ue1.service.rivian.com
dev.service.rivian.com
*.dev.ue1.service.rivian.com
dev.service.rivian.com
dev.service.rivian.com
*.dev.ue1.service.rivian.com
dev.rubicon.rivian.com
*.dev.ue1.rubicon.rivian.com
*.rubicon.rivian.com
*.stage.rubicon.rivian.com
*.stage.ue1.rubicon.rivian.com
*.stage.uw2.rubicon.rivian.com
*.ue1.rubicon.rivian.com
*.uw2.rubicon.rivian.com
dev.rubicon.rivian.com
*.rubicon.rivian.com
*.stage.rubicon.rivian.com
assets.rivian.com
downloads.rivian.com
images.rivian.com
videos.rivian.com
discourse.rivian.com
shop.rivian.com
preorders-staging-abq9.rivian.com
staging-wpdg925-stories.rivian.com
assets.rivian.com
cdn.rivian.com
rivian.com
www.rivian.com
