
	Smap (0.1.12)
104.18.38.184
  - Tags: cdn
  + Ports:
    - 80 tcp/http? 
    - 443 tcp/https? 
    - 2053 tcp/lot105-ds-upd? 
    - 2082 tcp/infowave? 
    - 2083 tcp/radsec? 
    - 2086 tcp/gnunet? 
    - 2087 tcp/eli? 
    - 2096 tcp/nbx-dir? 
    - 8080 tcp/http-alt? 
    - 8443 tcp/pcsync-https? 
    - 8880 tcp/cddbp-alt? 

+ 108.158.46.114 (server-108-158-46-114.bom78.r.cloudfront.net)
  - Tags: cdn, cloud
  + Ports:
    - 80 tcp/http? 
    - 443 tcp/https? 

+ 108.158.46.50 (server-108-158-46-50.bom78.r.cloudfront.net)
  - Tags: cloud, cdn
  + Ports:
    - 80 tcp/http? 

+ 108.158.46.13 (server-108-158-46-13.bom78.r.cloudfront.net)
  - Tags: cloud, cdn
  + Ports:
    - 80 tcp/http? 
    - 443 tcp/https? 

+ 108.158.46.129 (server-108-158-46-129.bom78.r.cloudfront.net)
  - Tags: cloud, cdn
  + Ports:
    - 443 tcp/https? 

+ 13.111.180.33 (click.e.rivian.com)
  + Ports:
    - 80 tcp/http? 
    - 443 tcp/https? 

+ 13.111.67.8 (anonymous.s11.exacttarget.com, approvals.s11.exacttarget.com, approvals-fb.s11.exacttarget.com, anonymous-fb.s11.exacttarget.com, bounce-fb.s11.exacttarget.com, bounce.s11.exacttarget.com, reply.s11.exacttarget.com, orionims-fb.s11.exacttarget.com, orionims.s11.exacttarget.com, reply-fb.s11.exacttarget.com, orionimsw.s11.exacttarget.com, hq8.mta.exacttarget.com)
  - OS: Unix
  - Tags: starttls
  + Ports:
    - 25 tcp/smtp cpe:/a:postfix:postfix

+ 13.111.179.59 (cloud.e.rivian.com)
  + Ports:
    - 80 tcp/http? 
    - 443 tcp/https? 

+ 13.225.5.18 (server-13-225-5-18.bom78.r.cloudfront.net)
  - Tags: cloud, cdn
  + Ports:
    - 80 tcp/http? 
    - 443 tcp/https? 

+ 13.111.181.35 (view.e.rivian.com)
  + Ports:
    - 80 tcp/http? 
    - 443 tcp/https? 

+ 13.225.5.68 (server-13-225-5-68.bom78.r.cloudfront.net)
  - Tags: cloud, cdn
  + Ports:
    - 80 tcp/http? 
    - 443 tcp/https? 

+ 13.225.5.78 (server-13-225-5-78.bom78.r.cloudfront.net)
  - Tags: cloud, cdn
  + Ports:
    - 80 tcp/http? 
    - 443 tcp/https? 

+ 13.225.5.86 (server-13-225-5-86.bom78.r.cloudfront.net)
  - Tags: cloud, cdn
  + Ports:
    - 80 tcp/http? 
    - 443 tcp/https? 

+ 151.101.130.133 (d.sni-645-default.ssl.fastly.net)
  - Tags: cdn
  + Ports:
    - 80 tcp/http? 
    - 443 tcp/https? 
151.101.2.133
  - Tags: cdn
  + Ports:
    - 443 tcp/ndb_mgmd cpe:/a:mysql:mysql
    - 80 tcp/http? 
151.101.194.133
  - Tags: cdn
  + Ports:
    - 443 tcp/ndb_mgmd cpe:/a:mysql:mysql
    - 80 tcp/http? 

+ 167.89.115.120 (o16789115x120.outbound-mail.sendgrid.net, sendgrid.net)
  + Ports:
    - 80 tcp/http? 
    - 443 tcp/https? 

+ 151.101.66.133 (better-credit.org, lexlawsc.com, lexlawde.com, wedisputebadcredit.com, trustedcreditfix.com, wickedtalentedpeople.com, defendyourcredit.com, lexlawme.com, fixyourcreditrepairnow.com, lexlawnc.com, lexlawva.com, lexlawnv.com, lexlawct.com, lexlawmi.com, worryfreecreditrepair.com, samedaycreditreport.com, lexingtonlaw.com, bankruptcyrights.com, lexlawms.com, disputebadcredit.com, lexlawoh.com, creditrepaircounseling.com, freescoreestimator.com, healthycreditrepair.com, lexlawaz.com, lexlawfl.com, lexlawga.com, creditrepair.com, lexlawmd.com, lex123.com, lexlawpa.com, personalizedcreditsolutions.com, lexlawwi.com, icleancreditrepair.com, lexlawca.com, clearcreditrepair.com, lexlawny.com, creditscorespecialists.com, creditrepair.co.uk, lifeisbetterwithgoodcredit.com, creditattorney.com, wedispute.com, fastly.cdn.progrexion.net, cleancreditmatters.com, ecreditresource.com, lexlawla.com, lexlawnm.com, lexlawwa.com, restoremyreport.com, mycreditreporthelp.com, creditrepaircounseling.net, lexabc.com)
  - Tags: cdn
  + Ports:
    - 80 tcp/http? 
    - 443 tcp/https? 

+ 167.89.115.150 (sendgrid.net, o16789115x150.outbound-mail.sendgrid.net)
  + Ports:
    - 80 tcp/http? 
    - 443 tcp/https? 

+ 167.89.115.52 (sendgrid.net, o16789115x52.outbound-mail.sendgrid.net)
  + Ports:
    - 80 tcp/http? 
    - 443 tcp/https? 

+ 167.89.115.28 (sendgrid.net, o16789115x28.outbound-mail.sendgrid.net)
  + Ports:
    - 80 tcp/http? 
    - 443 tcp/https? 

+ 167.89.115.61 (o16789115x61.outbound-mail.sendgrid.net)
  + Ports:
    - 80 tcp/http? 
    - 443 tcp/https? 

+ 167.89.115.77 (sendgrid.net, o16789115x77.outbound-mail.sendgrid.net)
  + Ports:
    - 80 tcp/http? 
    - 443 tcp/https? 

+ 167.89.123.124 (sendgrid.net, o16789123x124.outbound-mail.sendgrid.net)
  + Ports:
    - 80 tcp/http? 
    - 443 tcp/https? 

+ 167.89.115.56 (o16789115x56.outbound-mail.sendgrid.net, sendgrid.net)
  + Ports:
    - 80 tcp/http? 
    - 443 tcp/https? 

+ 167.89.123.54 (sendgrid.net, o16789123x54.outbound-mail.sendgrid.net)
  + Ports:
    - 80 tcp/http? 
    - 443 tcp/https? 

+ 167.89.115.78 (o16789115x78.outbound-mail.sendgrid.net, sendgrid.net)
  + Ports:
    - 80 tcp/http? 
    - 443 tcp/https? 

+ 167.89.123.58 (sendgrid.net, o16789123x58.outbound-mail.sendgrid.net)
  + Ports:
    - 80 tcp/http? 
    - 443 tcp/https? 

+ 167.89.123.204 (sendgrid.net, o16789123x204.outbound-mail.sendgrid.net)
  + Ports:
    - 80 tcp/http? 
    - 443 tcp/https? 

+ 167.89.123.62 (sendgrid.net, o16789123x62.outbound-mail.sendgrid.net)
  + Ports:
    - 80 tcp/http? 
    - 443 tcp/https? 

+ 167.89.123.89 (sendgrid.net, o16789123x89.outbound-mail.sendgrid.net)
  + Ports:
    - 80 tcp/http? 
    - 443 tcp/https? 

+ 167.89.123.90 (sendgrid.net, o16789123x90.outbound-mail.sendgrid.net)
  + Ports:
    - 80 tcp/http? 
    - 443 tcp/https? 

+ 167.89.123.66 (o16789123x66.outbound-mail.sendgrid.net, sendgrid.net)
  + Ports:
    - 80 tcp/http? 
    - 443 tcp/https? 

+ 172.64.149.72 (www.winnerscircleent.com)
  - Tags: cdn
  + Ports:
    - 80 tcp/http? 
    - 443 tcp/https? 
    - 2082 tcp/infowave? 
    - 2083 tcp/radsec? 
    - 2086 tcp/gnunet? 
    - 2087 tcp/eli? 
    - 8080 tcp/http-alt? 
    - 8443 tcp/pcsync-https? 
    - 8880 tcp/cddbp-alt? 

+ 18.117.58.107 (investors.rivian.com, ec2-18-117-58-107.us-east-2.compute.amazonaws.com)
  - Tags: cloud
  + Ports:
    - 80 tcp/http? 
    - 443 tcp/https? 

+ 18.155.99.113 (server-18-155-99-113.blr50.r.cloudfront.net)
  - Tags: cloud, cdn
  + Ports:
    - 80 tcp/http? 
    - 443 tcp/https? 

+ 18.155.99.124 (server-18-155-99-124.blr50.r.cloudfront.net)
  - Tags: cloud, cdn
  + Ports:
    - 80 tcp/http? 
    - 443 tcp/https? 

+ 18.155.99.125 (server-18-155-99-125.blr50.r.cloudfront.net)
  - Tags: cloud, cdn
  + Ports:
    - 80 tcp/http? 
    - 443 tcp/https? 

+ 18.155.99.21 (server-18-155-99-21.blr50.r.cloudfront.net)
  - Tags: cloud, cdn
  + Ports:
    - 80 tcp/http? 

+ 18.155.99.44 (server-18-155-99-44.blr50.r.cloudfront.net)
  - Tags: cloud, cdn
  + Ports:
    - 80 tcp/http? 
    - 443 tcp/https? 

+ 18.155.99.3 (server-18-155-99-3.blr50.r.cloudfront.net)
  - Tags: cloud, cdn
  + Ports:
    - 80 tcp/http? 
    - 443 tcp/https? 

+ 18.155.99.55 (server-18-155-99-55.blr50.r.cloudfront.net)
  - Tags: cloud, cdn
  + Ports:
    - 80 tcp/http? 
    - 443 tcp/https? 

+ 18.155.99.8 (server-18-155-99-8.blr50.r.cloudfront.net)
  - Tags: cloud, cdn
  + Ports:
    - 80 tcp/http? 
    - 443 tcp/https? 

+ 18.155.99.62 (server-18-155-99-62.blr50.r.cloudfront.net)
  - Tags: cloud, cdn
  + Ports:
    - 443 tcp/https? 

+ 18.155.99.69 (server-18-155-99-69.blr50.r.cloudfront.net)
  - Tags: cloud, cdn
  + Ports:
    - 80 tcp/http? 
    - 443 tcp/https? 

+ 18.161.216.118 (server-18-161-216-118.blr50.r.cloudfront.net)
  - Tags: cloud, cdn
  + Ports:
    - 80 tcp/http? 
    - 443 tcp/https? 

+ 18.155.99.85 (server-18-155-99-85.blr50.r.cloudfront.net)
  - Tags: cloud, cdn
  + Ports:
    - 80 tcp/http? 
    - 443 tcp/https? 

+ 18.155.99.95 (server-18-155-99-95.blr50.r.cloudfront.net)
  - Tags: cloud, cdn
  + Ports:
    - 80 tcp/http? 
    - 443 tcp/https? 

+ 18.161.216.24 (server-18-161-216-24.blr50.r.cloudfront.net)
  - Tags: cloud, cdn
  + Ports:
    - 80 tcp/http? 
    - 443 tcp/https? 

+ 18.161.216.15 (server-18-161-216-15.blr50.r.cloudfront.net)
  - Tags: cloud, cdn
  + Ports:
    - 80 tcp/http? 
    - 443 tcp/https? 

+ 18.161.216.120 (server-18-161-216-120.blr50.r.cloudfront.net)
  - Tags: cloud, cdn
  + Ports:
    - 80 tcp/http? 
    - 443 tcp/https? 

+ 18.161.216.28 (server-18-161-216-28.blr50.r.cloudfront.net)
  - Tags: cloud, cdn
  + Ports:
    - 80 tcp/http? 
    - 443 tcp/https? 

+ 18.161.216.43 (server-18-161-216-43.blr50.r.cloudfront.net)
  - Tags: cloud, cdn
  + Ports:
    - 80 tcp/http? 
    - 443 tcp/https? 

+ 18.161.216.80 (server-18-161-216-80.blr50.r.cloudfront.net)
  - Tags: cloud, cdn
  + Ports:
    - 80 tcp/http? 
    - 443 tcp/https? 

+ 18.161.216.9 (server-18-161-216-9.blr50.r.cloudfront.net)
  - Tags: cloud, cdn
  + Ports:
    - 443 tcp/https? 

+ 216.137.52.100 (server-216-137-52-100.mrs52.r.cloudfront.net)
  - Tags: cloud, cdn
  + Ports:
    - 80 tcp/http? 
    - 443 tcp/https? 

+ 216.137.52.32 (server-216-137-52-32.mrs52.r.cloudfront.net)
  - Tags: cloud, cdn
  + Ports:
    - 80 tcp/http? 
    - 443 tcp/https? 

+ 216.137.52.49 (server-216-137-52-49.mrs52.r.cloudfront.net)
  - Tags: cloud, cdn
  + Ports:
    - 80 tcp/http? 
    - 443 tcp/https? 

+ 23.193.165.83 (a23-193-165-83.deploy.static.akamaitechnologies.com)
  - Tags: cdn
  + Ports:
    - 80 tcp/http? 

+ 23.210.245.194 (a23-210-245-194.deploy.static.akamaitechnologies.com)
  - Tags: cdn
  + Ports:
    - 80 tcp/http? 

+ 23.213.103.223 (customerinsights.evergy.com, feedback.atb.com, research.local.gov.uk, feedback.vineyardvines.com, www.deancannon.com, www.onlinesurveys.fca.org.uk, surveys.gapinternational.com, a23-213-103-223.deploy.static.akamaitechnologies.com, feedback.hilti.com, www.customersurvey.philippineairlines.com, assessments.richardson.com, surveys.bastioninsights.com.au, survey.dimensional.com, survey.kaeser.com, listening.helzberg.com, feedback.surveydatasolutions.com, www.WashingtonCounty-OR.com, feedback.workcoverqld.com.au, engagement.jackhenry.com, us.surveys.online, Feedback.rivian.com, shop.5forthefight.org, www.cha-champs-survey.com, surveys.college.columbia.edu, YourView.Pru.co.uk, cxfeedback.here.com, GroupBenefitsFeedback.lfg.com, www.surveys.online, feedback.adidas.com, feedback.teleflex.com, deloitte.techleadersurvey.com, feedback.jackhenry.com, research.aacom.org, survey.experience.chase.com, www.onlineopinionresearch.com, www.meridianwest.eu.com, www.surveysouthwest.com, akamaisecure4.qualtrics.com, research.churchofjesuschrist.org, customerexperience.t-mobile.com, survey.learn.utoronto.ca, USRDSurvey.ey.com, customerfeedback.fbfs.com, research.mcbgroup.com, surveys.garmin.com, yourvoice.hastingsdeering.com.au, evaluator.us.kpmg.com, questionari.agid.gov.it, customervoice.rbc.com, survey.us.kpmg.com, survey.smith.queensu.ca, feedback.gopro.com, insight.gga-analytics.com, customersurveys.intuit.com, assessments.thechemistrygroup.com, q-survey.permobil.com, survey.ekupi.hr, feedback.opiniondynamics.com, survey.cmgroupglobal.com, vocsurvey.capitaland.com, surveys.kraken.com, www.research.parker.com, cs-survey.ana.co.jp, feedback.metro-cc.com, surveys.amerantbank.com, experience.fmcna.com, us.ipsossay.com, feedback.ironmountain.com, feedback.us.kpmg.com, www.xm-apps-static.com, experience.kpmgatlas.de, marketresearch.bcbs.com, surveys.mspb.gov, feedback.biogen.com, i.kiehls.com, research.kpmg.es, research.dwtcsmart.com, www.ctnsurvey.org, survey.cooperinstitute.org, yourfeedback.graincorpsurveys.com.au, www.AnthemListens.com, surveys.twilio.com)
  - Tags: cdn
  + Ports:
    - 80 tcp/http? 
    - 443 tcp/https? 

+ 23.227.38.74 (myshopify.com, shops.myshopify.com)
  - Tags: cdn
  + Ports:
    - 80 tcp/http? 
    - 443 tcp/https? 
    - 2053 tcp/lot105-ds-upd? 
    - 2082 tcp/infowave? 
    - 2083 tcp/radsec? 
    - 2086 tcp/gnunet? 
    - 2087 tcp/eli? 
    - 8080 tcp/http-alt? 
    - 8443 tcp/pcsync-https? 
    - 8880 tcp/cddbp-alt? 

+ 23.210.245.187 (a23-210-245-187.deploy.static.akamaitechnologies.com)
  - Tags: cdn
  + Ports:
    - 80 tcp/http? 

+ 23.193.165.91 (a23-193-165-91.deploy.static.akamaitechnologies.com)
  - Tags: cdn
  + Ports:
    - 80 tcp/http? 

+ 3.133.54.158 (supplierslogin.rivian.com, ec2-3-133-54-158.us-east-2.compute.amazonaws.com)
  - Tags: cloud
  + Ports:
    - 443 tcp/https? 

+ 3.131.231.120 (ec2-3-131-231-120.us-east-2.compute.amazonaws.com)
  - Tags: cloud
  + Ports:
    - 443 tcp/https? 

+ 3.139.133.40 (supplierslogin.rivian.com, ec2-3-139-133-40.us-east-2.compute.amazonaws.com)
  - OS: Windows
  - Tags: cloud
  + Ports:
    - 80 tcp/http cpe:/a:microsoft:internet_information_services:10.0 cpe:/o:microsoft:windows
    - 443 tcp/https? 

+ 3.139.47.116 (supplierslogin.rivian.com, ec2-3-139-47-116.us-east-2.compute.amazonaws.com)
  - Tags: cloud
  + Ports:
    - 443 tcp/https? 

+ 3.164.36.112 (server-3-164-36-112.ccu50.r.cloudfront.net)
  - Tags: cloud, cdn
  + Ports:
    - 80 tcp/http? 
    - 443 tcp/https? 

+ 3.164.36.57 (server-3-164-36-57.ccu50.r.cloudfront.net)
  - Tags: cloud, cdn
  + Ports:
    - 80 tcp/http? 
    - 443 tcp/https? 

+ 3.164.36.42 (server-3-164-36-42.ccu50.r.cloudfront.net)
  - Tags: cloud, cdn
  + Ports:
    - 80 tcp/http? 
    - 443 tcp/https? 

+ 3.164.36.54 (server-3-164-36-54.ccu50.r.cloudfront.net)
  - Tags: cloud, cdn
  + Ports:
    - 80 tcp/http? 
    - 443 tcp/https? 

+ 3.20.194.190 (ec2-3-20-194-190.us-east-2.compute.amazonaws.com)
  - Tags: cloud
  + Ports:
    - 80 tcp/http? 

+ 3.208.111.181 (ec2-3-208-111-181.compute-1.amazonaws.com, vpa.stg.chewy.com)
  - Tags: cloud
  + Ports:
    - 443 tcp/https? 

+ 3.209.101.108 (ec2-3-209-101-108.compute-1.amazonaws.com)
  - Tags: cloud
  + Ports:
    - 80 tcp/http? 

+ 3.208.57.124 (ec2-3-208-57-124.compute-1.amazonaws.com, iot.us-east-1.amazonaws.com)
  - Tags: cloud
  + Ports:
    - 443 tcp/https? 

+ 3.210.141.123 (ec2-3-210-141-123.compute-1.amazonaws.com, ltp1-iot-endpoint.dev.siq.sleepnumber.com)
  - Tags: cloud
  + Ports:
    - 443 tcp/https? 

+ 3.209.2.162 (iot.container.us-1.dev-cloudone.trendmicro.com, ec2-3-209-2-162.compute-1.amazonaws.com)
  - Tags: cloud
  + Ports:
    - 443 tcp/https? 

+ 3.211.25.238 (ec2-3-211-25-238.compute-1.amazonaws.com, iot.us-east-1.amazonaws.com)
  - Tags: cloud
  + Ports:
    - 443 tcp/https? 

+ 3.209.226.176 (ec2-3-209-226-176.compute-1.amazonaws.com, dev21-use1-iot-endpoint-01.dev.siq.sleepnumber.com)
  - Tags: cloud
  + Ports:
    - 443 tcp/https? 

+ 3.212.49.11 (ec2-3-212-49-11.compute-1.amazonaws.com, catscan.stg.chewy.com)
  - Tags: cloud
  + Ports:
    - 443 tcp/https? 

+ 3.226.73.193 (icimsnow.com, ec2-3-226-73-193.compute-1.amazonaws.com)
  - Tags: cloud
  + Ports:
    - 80 tcp/http? 
    - 443 tcp/https? 

+ 3.229.206.5 (ec2-3-229-206-5.compute-1.amazonaws.com, iot.us-east-1.amazonaws.com)
  - Tags: cloud
  + Ports:
    - 443 tcp/https? 
    - 8443 tcp/pcsync-https? 

+ 34.102.239.211 (mailgun.org, 211.239.102.34.bc.googleusercontent.com)
  - Tags: cloud
  + Ports:
    - 80 tcp/http? 
    - 443 tcp/https? 

+ 3.231.247.51 (ec2-3-231-247-51.compute-1.amazonaws.com, iot.us-east-1.amazonaws.com)
  - Tags: cloud
  + Ports:
    - 443 tcp/https? 

+ 3.234.6.201 (ec2-3-234-6-201.compute-1.amazonaws.com, us-east-1.iot.ihsdev.homesmart.ikea.net)
  - Tags: cloud
  + Ports:
    - 443 tcp/https? 

+ 34.195.52.110 (ec2-34-195-52-110.compute-1.amazonaws.com, iot.us-east-1.amazonaws.com)
  - Tags: cloud
  + Ports:
    - 443 tcp/https? 

+ 34.206.181.84 (iot.dev.onair-soundplus.iheartmedia.com, ec2-34-206-181-84.compute-1.amazonaws.com)
  - Tags: cloud
  + Ports:
    - 443 tcp/https? 

+ 34.210.141.213 (ec2-34-210-141-213.us-west-2.compute.amazonaws.com)
  - Tags: cloud
  + Ports:
    - 80 tcp/http cpe:/a:apache:http_server:2.4.29
    - 443 tcp/https? 
  - Vulns: CVE-2019-10092, CVE-2019-0217, CVE-2022-28330, CVE-2022-22720, CVE-2019-10082, CVE-2018-17189, CVE-2023-45802, CVE-2009-2299, CVE-2020-1934, CVE-2011-1176, CVE-2024-38477, CVE-2023-25690, CVE-2020-35452, CVE-2022-22719, CVE-2024-38474, CVE-2006-20001, CVE-2021-32785, CVE-2024-27316, CVE-2019-10081, CVE-2022-28614, CVE-2021-44790, CVE-2018-1283, CVE-2013-2765, CVE-2013-0941, CVE-2024-38476, CVE-2020-1927, CVE-2022-37436, CVE-2019-0220, CVE-2022-29404, CVE-2021-34798, CVE-2023-31122, CVE-2019-0211, CVE-2018-17199, CVE-2013-4365, CVE-2022-36760, CVE-2022-30556, CVE-2022-22721, CVE-2021-33193, CVE-2011-2688, CVE-2021-32792, CVE-2019-9517, CVE-2007-4723, CVE-2018-1301, CVE-2021-44224, CVE-2009-0796, CVE-2012-4001, CVE-2022-26377, CVE-2022-28615, CVE-2018-1333, CVE-2017-15710, CVE-2012-4360, CVE-2018-1302, CVE-2021-39275, CVE-2018-1303, CVE-2013-0942, CVE-2019-0196, CVE-2021-26691, CVE-2024-40898, CVE-2021-32786, CVE-2019-17567, CVE-2021-32791, CVE-2020-11993, CVE-2020-9490, CVE-2021-40438, CVE-2022-31813, CVE-2019-10098, CVE-2018-11763, CVE-2018-1312, CVE-2021-26690, CVE-2017-15715, CVE-2022-23943, CVE-2020-13938, CVE-2012-3526

+ 34.226.13.80 (ec2-34-226-13-80.compute-1.amazonaws.com, iot.us-east-1.amazonaws.com)
  - Tags: cloud
  + Ports:
    - 443 tcp/https? 

+ 34.233.4.33 (jibeapply.com, ec2-34-233-4-33.compute-1.amazonaws.com)
  - Tags: cloud
  + Ports:
    - 80 tcp/http? 
    - 443 tcp/https? 

+ 34.237.219.106 (ec2-34-237-219-106.compute-1.amazonaws.com, iot.us-east-1.amazonaws.com)
  - Tags: cloud
  + Ports:
    - 443 tcp/https? 

+ 35.153.85.206 (recruitbetter.net, ec2-35-153-85-206.compute-1.amazonaws.com)
  - Tags: cloud
  + Ports:
    - 80 tcp/http? 
    - 443 tcp/https? 

+ 35.80.156.143 (sketchy-stage.com, ec2-35-80-156-143.us-west-2.compute.amazonaws.com)
  - Tags: cloud
  + Ports:
    - 443 tcp/https? 

+ 35.169.105.21 (catscan.stg.chewy.com, ec2-35-169-105-21.compute-1.amazonaws.com)
  - OS: Windows
  - Tags: cloud
  + Ports:
    - 80 tcp/http cpe:/a:microsoft:internet_information_services cpe:/o:microsoft:windows
    - 443 tcp/https? 

+ 44.205.182.164 (features.geneseo.edu, ec2-44-205-182-164.compute-1.amazonaws.com)
  - Tags: cloud
  + Ports:
    - 80 tcp/http cpe:/a:ruby-lang:ruby
    - 443 tcp/https? 

+ 44.199.121.144 (ec2-44-199-121-144.compute-1.amazonaws.com, iot.us-east-1.amazonaws.com)
  - Tags: cloud
  + Ports:
    - 443 tcp/https? 

+ 44.209.241.80 (iot.us-east-1.amazonaws.com, ec2-44-209-241-80.compute-1.amazonaws.com)
  - Tags: cloud
  + Ports:
    - 443 tcp/https? 
    - 8443 tcp/pcsync-https? 

+ 44.219.43.78 (ec2-44-219-43-78.compute-1.amazonaws.com, us-east-1.iot.ihsdev.homesmart.ikea.net)
  - Tags: cloud
  + Ports:
    - 443 tcp/https? 

+ 52.207.111.1 (iot.us-east-1.amazonaws.com, ec2-52-207-111-1.compute-1.amazonaws.com)
  - Tags: cloud
  + Ports:
    - 443 tcp/https? 

+ 52.200.131.210 (homesafe.kidde.com, ec2-52-200-131-210.compute-1.amazonaws.com)
  - Tags: cloud
  + Ports:
    - 443 tcp/https? 

+ 52.3.7.51 (ec2-52-3-7-51.compute-1.amazonaws.com, iot.us-east-1.amazonaws.com)
  - Tags: cloud
  + Ports:
    - 443 tcp/https? 
    - 8443 tcp/pcsync-https? 

+ 52.4.221.164 (ec2-52-4-221-164.compute-1.amazonaws.com, homesafe.kidde.com, iot.us-east-1.amazonaws.com)
  - Tags: cloud
  + Ports:
    - 443 tcp/https? 
    - 8443 tcp/pcsync-https? 

+ 52.45.186.29 (iot.us-east-1.amazonaws.com, ec2-52-45-186-29.compute-1.amazonaws.com)
  - Tags: cloud
  + Ports:
    - 443 tcp/https? 

+ 52.71.108.79 (iot.us-east-1.amazonaws.com, ec2-52-71-108-79.compute-1.amazonaws.com)
  - Tags: cloud
  + Ports:
    - 443 tcp/https? 

+ 52.70.137.96 (ec2-52-70-137-96.compute-1.amazonaws.com, iot.us-east-1.amazonaws.com)
  - Tags: cloud
  + Ports:
    - 443 tcp/https? 
    - 8443 tcp/pcsync-https? 

+ 52.72.7.5 (iot.us-east-1.amazonaws.com, ec2-52-72-7-5.compute-1.amazonaws.com, homesafe.kidde.com)
  - Tags: cloud
  + Ports:
    - 443 tcp/https? 
    - 8443 tcp/pcsync-https? 

+ 52.7.126.239 (ec2-52-7-126-239.compute-1.amazonaws.com, iot.us-east-1.amazonaws.com)
  - Tags: cloud
  + Ports:
    - 443 tcp/https? 

+ 52.84.205.102 (server-52-84-205-102.blr50.r.cloudfront.net)
  - Tags: cloud, cdn
  + Ports:
    - 80 tcp/http? 
    - 443 tcp/https? 

+ 52.84.205.104 (server-52-84-205-104.blr50.r.cloudfront.net)
  - Tags: cloud, cdn
  + Ports:
    - 80 tcp/http? 
    - 443 tcp/https? 

+ 52.84.205.105 (server-52-84-205-105.blr50.r.cloudfront.net)
  - Tags: cloud, cdn
  + Ports:
    - 80 tcp/http? 
    - 443 tcp/https? 

+ 52.84.205.117 (server-52-84-205-117.blr50.r.cloudfront.net)
  - Tags: cloud, cdn
  + Ports:
    - 80 tcp/http? 
    - 443 tcp/https? 

+ 52.84.205.109 (server-52-84-205-109.blr50.r.cloudfront.net)
  - Tags: cloud, cdn
  + Ports:
    - 80 tcp/http? 
    - 443 tcp/https? 

+ 52.84.205.116 (server-52-84-205-116.blr50.r.cloudfront.net)
  - Tags: cloud, cdn
  + Ports:
    - 80 tcp/http? 
    - 443 tcp/https? 

+ 52.84.205.121 (server-52-84-205-121.blr50.r.cloudfront.net)
  - Tags: cloud, cdn
  + Ports:
    - 80 tcp/http? 
    - 443 tcp/https? 

+ 52.84.205.127 (server-52-84-205-127.blr50.r.cloudfront.net)
  - Tags: cloud, cdn
  + Ports:
    - 80 tcp/http? 

+ 52.84.205.17 (server-52-84-205-17.blr50.r.cloudfront.net)
  - Tags: cloud, cdn
  + Ports:
    - 80 tcp/http? 
    - 443 tcp/https? 

+ 52.84.205.50 (server-52-84-205-50.blr50.r.cloudfront.net)
  - Tags: cloud, cdn
  + Ports:
    - 80 tcp/http? 
    - 443 tcp/https? 

+ 52.84.205.51 (server-52-84-205-51.blr50.r.cloudfront.net)
  - Tags: cloud, cdn
  + Ports:
    - 80 tcp/http? 

+ 52.84.205.60 (server-52-84-205-60.blr50.r.cloudfront.net)
  - Tags: cloud, cdn
  + Ports:
    - 80 tcp/http? 

+ 52.84.205.7 (server-52-84-205-7.blr50.r.cloudfront.net)
  - Tags: cloud, cdn
  + Ports:
    - 443 tcp/https? 

+ 54.163.59.32 (ec2-54-163-59-32.compute-1.amazonaws.com)
  - Tags: cloud
  + Ports:
    - 443 tcp/https? 

+ 52.84.205.93 (server-52-84-205-93.blr50.r.cloudfront.net)
  - Tags: cloud, cdn
  + Ports:
    - 443 tcp/https? 

+ 54.205.215.151 (ec2-54-205-215-151.compute-1.amazonaws.com, rmdevcloud.recommind.com)
  - Tags: cloud
  + Ports:
    - 443 tcp/https? 

+ 54.209.238.130 (iot.us-east-1.amazonaws.com, ec2-54-209-238-130.compute-1.amazonaws.com)
  - Tags: cloud
  + Ports:
    - 443 tcp/https? 
    - 8443 tcp/pcsync-https? 

+ 54.210.216.169 (kupos.cl, www.kupos.cl, ec2-54-210-216-169.compute-1.amazonaws.com)
  - Tags: eol-product, cloud
  + Ports:
    - 443 tcp/https? 

+ 54.211.218.74 (publicschoolproud.uft.org, ec2-54-211-218-74.compute-1.amazonaws.com)
  - Tags: cloud
  + Ports:
    - 80 tcp/http cpe:/a:ruby-lang:ruby
    - 443 tcp/https? 

+ 54.211.238.96 (www.earlycareers.dentsuaegisnetwork.com, ec2-54-211-238-96.compute-1.amazonaws.com)
  - Tags: cloud
  + Ports:
    - 80 tcp/http? 
    - 443 tcp/https? 

+ 54.221.78.60 (ec2-54-221-78-60.compute-1.amazonaws.com, iot.container.us-1.dev-cloudone.trendmicro.com)
  - Tags: cloud
  + Ports:
    - 443 tcp/https? 

+ 54.239.216.9 (server-54-239-216-9.bom52.r.cloudfront.net)
  - Tags: cloud, cdn
  + Ports:
    - 443 tcp/https? 

+ 54.239.216.22 (server-54-239-216-22.bom52.r.cloudfront.net)
  - Tags: cloud, cdn
  + Ports:
    - 80 tcp/http? 
    - 443 tcp/https? 

+ 54.239.216.36 (server-54-239-216-36.bom52.r.cloudfront.net)
  - Tags: cloud, cdn
  + Ports:
    - 443 tcp/https? 

+ 54.239.216.90 (server-54-239-216-90.bom52.r.cloudfront.net)
  - Tags: cloud, cdn
  + Ports:
    - 80 tcp/http? 
    - 443 tcp/https? 

+ 54.80.202.164 (careers.rivian.com, ec2-54-80-202-164.compute-1.amazonaws.com)
  - Tags: cloud
  + Ports:
    - 80 tcp/http? 
    - 443 tcp/https? 

+ 66.117.22.190 (ip-66-117-22-190.data.adobedc.net)
  + Ports:
    - 443 tcp/https? 

+ 66.117.22.191 (ip-66-117-22-191.data.adobedc.net)
  + Ports:
    - 80 tcp/http? 
    - 443 tcp/https? 

+ 99.83.140.18 (prod.flex.cafe, ab7aa1641c4223cf9.awsglobalaccelerator.com)
  - OS: Windows
  - Tags: cloud
  + Ports:
    - 80 tcp/http cpe:/a:microsoft:internet_information_services:10.0 cpe:/o:microsoft:windows
    - 443 tcp/https? 

+ 75.2.37.149 (admin.mfsdealerdirect.com, www.mfsdealerdirect.com, ab7aa1641c4223cf9.awsglobalaccelerator.com, training.mfsdealerdirect.com, mfsdealerdirect.com)
  - OS: Windows
  - Tags: cloud
  + Ports:
    - 80 tcp/http cpe:/a:microsoft:internet_information_services:10.0 cpe:/o:microsoft:windows
    - 443 tcp/https? 

+ 99.86.20.101 (server-99-86-20-101.blr50.r.cloudfront.net)
  - Tags: cloud, cdn
  + Ports:
    - 80 tcp/http? 

+ 99.86.20.15 (server-99-86-20-15.blr50.r.cloudfront.net)
  - Tags: cloud, cdn
  + Ports:
    - 443 tcp/https? 

+ 99.86.20.30 (server-99-86-20-30.blr50.r.cloudfront.net)
  - Tags: cloud, cdn
  + Ports:
    - 80 tcp/http? 
    - 443 tcp/https? 

+ 99.86.20.121 (server-99-86-20-121.blr50.r.cloudfront.net)
  - Tags: cloud, cdn
  + Ports:
    - 80 tcp/http? 
    - 443 tcp/https? 

+ 99.86.20.16 (server-99-86-20-16.blr50.r.cloudfront.net)
  - Tags: cloud, cdn
  + Ports:
    - 80 tcp/http? 
    - 443 tcp/https? 

+ 99.86.20.50 (server-99-86-20-50.blr50.r.cloudfront.net)
  - Tags: cloud, cdn
  + Ports:
    - 80 tcp/http? 
    - 443 tcp/https? 

+ 99.86.20.60 (server-99-86-20-60.blr50.r.cloudfront.net)
  - Tags: cloud, cdn
  + Ports:
    - 80 tcp/http? 
    - 443 tcp/https? 

+ 99.86.20.74 (server-99-86-20-74.blr50.r.cloudfront.net)
  - Tags: cloud, cdn
  + Ports:
    - 80 tcp/http? 
    - 443 tcp/https? 

+ 99.86.20.62 (server-99-86-20-62.blr50.r.cloudfront.net)
  - Tags: cloud, cdn
  + Ports:
    - 80 tcp/http? 
    - 443 tcp/https? 

+ 99.86.20.9 (server-99-86-20-9.blr50.r.cloudfront.net)
  - Tags: cloud, cdn
  + Ports:
    - 80 tcp/http? 
    - 443 tcp/https? 

+ 99.86.20.97 (server-99-86-20-97.blr50.r.cloudfront.net)
  - Tags: cloud, cdn
  + Ports:
    - 80 tcp/http? 
    - 443 tcp/https? 

+ 99.86.20.99 (server-99-86-20-99.blr50.r.cloudfront.net)
  - Tags: cloud, cdn
  + Ports:
    - 80 tcp/http? 
    - 443 tcp/https? 
