api.dev.rivian.com
api.prod.rivian.com
api.qa.rivian.com
api.rivian.com
api.stage.rivian.com
basecamp.rivian.com
ccc.api.dev.rivian.com
cdn.rivian.com
cid.rivian.com
click.e.rivian.com
cloud.e.rivian.com
cloud.rivian.com
csadmin.rivian.com
dashboard.rivian.com
dev.cmp.rivian.com
dev.connectivity.rivian.com
dev.ct.rivian.com
dev.dm.rivian.com
dev.rivian.com
dev.rubicon.rivian.com
dev.service.rivian.com
dev.ue1.rubicon.rivian.com
dev.ue1.service.rivian.com
discourse.rivian.com
downloads.rivian.com
ec1.origin.dev.rivian.com
ec1.origin.prod.rivian.com
ec1.origin.qa.rivian.com
ec1.origin.stage.rivian.com
email.comms.rivian.com
e.rivian.com
events.rivian.com
ew1.origin.prod.rivian.com
ew1.origin.stage.rivian.com
gcp-iap.rivian.com
gogoogle.rivian.com
googleguide.rivian.com
granite.p.rivian.com
gtm.dev.rivian.com
gtm.prod.rivian.com
gtm.qa.rivian.com
gtm.rivian.com
gtm.stage.rivian.com
guestlogin.rivian.com
hec.rivian.com
image.e.rivian.com
images.rivian.com
internal.rivian.com
investors.rivian.com
landing.rivian.com
limestone.p.rivian.com
link.rivian.com
mta.e.rivian.com
notification-ue1.rivian.com
o1.supplieroperations.rivian.com
offlease.rivian.com
origin.dev.rivian.com
origin.prod.rivian.com
origin.qa.rivian.com
origin.stage.rivian.com
os.stage.rivian.com
outbound1.rivian.com
outbound2.rivian.com
preorders.rivian.com
preorders-staging-abq9.rivian.com
prism.rivian.com
prod.rivian.com
products.rivian.com
qa.cmp.rivian.com
qa.connectivity.rivian.com
qa.dm.rivian.com
qa.rivian.com
rubicon.dev.rivian.com
rubicon.prod.rivian.com
rubicon.rivian.com
rubicon.stage.rivian.com
shop.rivian.com
smetrics.rivian.com
stage.dm.rivian.com
stage.rivian.com
stage.rubicon.rivian.com
stage.service.rivian.com
stage.ue1.rubicon.rivian.com
stage.ue1.service.rivian.com
stage.uw2.rubicon.rivian.com
stage.uw2.service.rivian.com
staging-wpdg925-stories.rivian.com
supplierslogin.rivian.com
t2dwebhooks.gtm.prod.rivian.com
things.api.rivian.com
things.dev.rivian.com
things.gtm.prod.rivian.com
things.gtm.qa.rivian.com
things.qa.rivian.com
things.rivian.com
things.stage.rivian.com
tour.rivian.com
ue1.api.dev.rivian.com
ue1.api.prod.rivian.com
ue1.api.stage.rivian.com
ue1.origin.dev.rivian.com
ue1.origin.prod.rivian.com
ue1.origin.stage.rivian.com
ue1.rubicon.rivian.com
ue1.stage.origin.rivian.com
url9533.rivian.com
useast.guestlogin.rivian.com
uswest.guestlogin.rivian.com
uw2.api.prod.rivian.com
uw2.api.qa.rivian.com
uw2.api.stage.rivian.com
uw2.origin.prod.rivian.com
uw2.origin.qa.rivian.com
uw2.origin.stage.rivian.com
uw2.rubicon.rivian.com
uw2.stage.origin.rivian.com
vhrivwp1wd01.hec.rivian.com
videos.rivian.com
voem.stage.ccc.rivian.com
www.careers.rivian.com
www.guestlogin.rivian.com
www.link.rivian.com
www.rivian.com
www.supplierslogin.rivian.com
www.useast.guestlogin.rivian.com
www.uswest.guestlogin.rivian.com
